[debug] [2025-05-05T07:26:32.613Z] ----------------------------------------------------------------------
[debug] [2025-05-05T07:26:32.619Z] Command:       C:\Program Files\nodejs\node.exe C:\Users\jelenarep\AppData\Roaming\npm\node_modules\firebase-tools\lib\bin\firebase.js init
[debug] [2025-05-05T07:26:32.620Z] CLI Version:   14.2.2
[debug] [2025-05-05T07:26:32.620Z] Platform:      win32
[debug] [2025-05-05T07:26:32.620Z] Node Version:  v20.11.0
[debug] [2025-05-05T07:26:32.620Z] Time:          Mon May 05 2025 09:26:32 GMT+0200 (Srednjeevropsko letnje vreme)
[debug] [2025-05-05T07:26:32.620Z] ----------------------------------------------------------------------
[debug] 
[debug] [2025-05-05T07:26:32.630Z] > command requires scopes: ["email","openid","https://www.googleapis.com/auth/cloudplatformprojects.readonly","https://www.googleapis.com/auth/firebase","https://www.googleapis.com/auth/cloud-platform"]
[debug] [2025-05-05T07:26:32.630Z] > authorizing via signed-in user (repac01jelena@gmail.com)
[info] 
     ######## #### ########  ######## ########     ###     ######  ########
     ##        ##  ##     ## ##       ##     ##  ##   ##  ##       ##
     ######    ##  ########  ######   ########  #########  ######  ######
     ##        ##  ##    ##  ##       ##     ## ##     ##       ## ##
     ##       #### ##     ## ######## ########  ##     ##  ######  ########

You're about to initialize a Firebase project in this directory:

  C:\Users\jelenarep\Desktop\SERVICE MESH\istio-service-mesh\airlines-app

[info] 
=== Project Setup
[info] 
[info] First, let's associate this project directory with a Firebase project.
[info] You can create multiple project aliases by running firebase use --add, 
[info] but for now we'll just set up a default project.
[info] 
[debug] [2025-05-05T07:26:52.074Z] Checked if tokens are valid: true, expires at: 1746433422859
[debug] [2025-05-05T07:26:52.074Z] Checked if tokens are valid: true, expires at: 1746433422859
[debug] [2025-05-05T07:26:52.076Z] >>> [apiv2][query] GET https://firebase.googleapis.com/v1beta1/projects pageSize=100
[debug] [2025-05-05T07:26:52.222Z] *** [apiv2] error from fetch(https://firebase.googleapis.com/v1beta1/projects?pageSize=100, {"headers":{},"method":"GET","signal":{}}): FetchError: request to https://firebase.googleapis.com/v1beta1/projects?pageSize=100 failed, reason: unable to get local issuer certificate
[debug] [2025-05-05T07:26:52.222Z] Failed to make request to https://firebase.googleapis.com/v1beta1/projects?pageSize=100
[debug] [2025-05-05T07:26:52.284Z] FirebaseError: Failed to make request to https://firebase.googleapis.com/v1beta1/projects?pageSize=100
    at RetryOperation._fn (C:\Users\jelenarep\AppData\Roaming\npm\node_modules\firebase-tools\lib\apiv2.js:261:31)
    at process.processTicksAndRejections (node:internal/process/task_queues:95:5)
[error] 
[error] Error: Failed to list Firebase projects. See firebase-debug.log for more info.
[debug] [2025-05-05T07:27:04.238Z] ----------------------------------------------------------------------
[debug] [2025-05-05T07:27:04.243Z] Command:       C:\Program Files\nodejs\node.exe C:\Users\jelenarep\AppData\Roaming\npm\node_modules\firebase-tools\lib\bin\firebase.js init
[debug] [2025-05-05T07:27:04.243Z] CLI Version:   14.2.2
[debug] [2025-05-05T07:27:04.244Z] Platform:      win32
[debug] [2025-05-05T07:27:04.244Z] Node Version:  v20.11.0
[debug] [2025-05-05T07:27:04.244Z] Time:          Mon May 05 2025 09:27:04 GMT+0200 (Srednjeevropsko letnje vreme)
[debug] [2025-05-05T07:27:04.244Z] ----------------------------------------------------------------------
[debug] 
[debug] [2025-05-05T07:27:04.253Z] > command requires scopes: ["email","openid","https://www.googleapis.com/auth/cloudplatformprojects.readonly","https://www.googleapis.com/auth/firebase","https://www.googleapis.com/auth/cloud-platform"]
[debug] [2025-05-05T07:27:04.253Z] > authorizing via signed-in user (repac01jelena@gmail.com)
[info] 
     ######## #### ########  ######## ########     ###     ######  ########
     ##        ##  ##     ## ##       ##     ##  ##   ##  ##       ##
     ######    ##  ########  ######   ########  #########  ######  ######
     ##        ##  ##    ##  ##       ##     ## ##     ##       ## ##
     ##       #### ##     ## ######## ########  ##     ##  ######  ########

You're about to initialize a Firebase project in this directory:

  C:\Users\jelenarep\Desktop\SERVICE MESH\istio-service-mesh\airlines-app

[info] 
=== Project Setup
[info] 
[info] First, let's associate this project directory with a Firebase project.
[info] You can create multiple project aliases by running firebase use --add, 
[info] but for now we'll just set up a default project.
[info] 
[info] i  If you want to create a project in a Google Cloud organization or folder, please use "firebase projects:create" instead, and return to this command when you've created the project. 
[debug] [2025-05-05T07:27:41.279Z] Checked if tokens are valid: true, expires at: 1746433422859
[debug] [2025-05-05T07:27:41.279Z] Checked if tokens are valid: true, expires at: 1746433422859
[debug] [2025-05-05T07:27:41.280Z] >>> [apiv2][query] POST https://cloudresourcemanager.googleapis.com/v1/projects [none]
[debug] [2025-05-05T07:27:41.280Z] >>> [apiv2][body] POST https://cloudresourcemanager.googleapis.com/v1/projects {"projectId":"38112019","name":"airlines-app"}
[debug] [2025-05-05T07:27:41.406Z] *** [apiv2] error from fetch(https://cloudresourcemanager.googleapis.com/v1/projects, {"headers":{},"method":"POST","signal":{},"body":"{\"projectId\":\"38112019\",\"name\":\"airlines-app\"}"}): FetchError: request to https://cloudresourcemanager.googleapis.com/v1/projects failed, reason: unable to get local issuer certificate
[debug] [2025-05-05T07:27:41.467Z] FirebaseError: Failed to make request to https://cloudresourcemanager.googleapis.com/v1/projects
    at RetryOperation._fn (C:\Users\jelenarep\AppData\Roaming\npm\node_modules\firebase-tools\lib\apiv2.js:261:31)
    at process.processTicksAndRejections (node:internal/process/task_queues:95:5)
[error] 
[error] Error: Failed to create project. See firebase-debug.log for more info.
